[12/Sep/2020:05:37:57] (I): WordPress Instance Info:
[12/Sep/2020:05:37:57] (I): Home URL : http://xn--ok0bm22cjhc9uj.com
[12/Sep/2020:05:37:57] (I): Site URL : http://xn--ok0bm22cjhc9uj.com
[12/Sep/2020:05:37:57] (I): WordPress Version : 5.4.2
[12/Sep/2020:05:37:57] (I): Onboarding Version : 1.0.9
[12/Sep/2020:05:37:57] (I): Multisite : No
[12/Sep/2020:05:37:57] (I): Server Info : Apache
[12/Sep/2020:05:37:57] (I): PHP Version : 7.3.1p1
[12/Sep/2020:05:37:57] (I): HTTPS : No
[12/Sep/2020:05:37:57] (I): PHP Max Execution Time : 30
[12/Sep/2020:05:37:57] (I): PHP Max Input Vars : 1000
[12/Sep/2020:05:37:57] (I): Max Upload Size : 22020096
[12/Sep/2020:05:37:57] (I): Plugins:
[12/Sep/2020:05:37:57] (I): [PLUGIN] Elementor : v3.0.7 (Elementor.com)
[12/Sep/2020:05:37:57] (I): [PLUGIN] Templates Patterns Collection : v1.0.9 (ThemeIsle)
[12/Sep/2020:05:37:57] (I): [PLUGIN] Orbit Fox Companion : v2.9.17 (Themeisle)
[12/Sep/2020:05:37:57] (P): Saving remote XML
[12/Sep/2020:05:37:57] (S): Saved remote XML at path /formax1/www/wp-content/uploads/themeisle-demo-import.xml.
[12/Sep/2020:05:37:57] (P): Starting content import...
[12/Sep/2020:05:37:57] (S): Import started.
[12/Sep/2020:05:37:57] (S): Parsing XML file.
[12/Sep/2020:05:37:57] (P): Starting parsing file:/formax1/www/wp-content/uploads/themeisle-demo-import.xml
[12/Sep/2020:05:37:57] (P): Using WXR_Parser_SimpleXML...
[12/Sep/2020:05:37:57] (S): Parsed XML
[12/Sep/2020:05:37:57] (P): Processing categories...
[12/Sep/2020:05:37:57] (S): Processed categories.
[12/Sep/2020:05:37:57] (P): Processing tags...
[12/Sep/2020:05:37:57] (S): No tags to process.
[12/Sep/2020:05:37:57] (P): Processing terms...
[12/Sep/2020:05:37:57] (S): Processed terms.
[12/Sep/2020:05:37:57] (P): Processing posts...
[12/Sep/2020:05:37:57] (P): Processing single menu item ' '...
[12/Sep/2020:05:37:57] (P): Processing attachment: https://s33834.pcdn.co/web-agency/wp-content/uploads/sites/421/2020/01/neve-web-design-studio-02.jpg...
[12/Sep/2020:05:37:57] (P): Fetching attachment from url: https://s33834.pcdn.co/web-agency/wp-content/uploads/sites/421/2020/01/neve-web-design-studio-02.jpg...
[12/Sep/2020:05:37:57] (S): Fetched remote attachment.
[12/Sep/2020:05:37:57] (P): Inserting attachment...
[12/Sep/2020:05:37:57] (S): Attachment inserted
[12/Sep/2020:05:37:57] (S): Processed attachment.
[12/Sep/2020:05:37:57] (P): Processing attachment: https://s33834.pcdn.co/web-agency/wp-content/uploads/sites/421/2020/01/neve-web-design-studio-03.jpg...
[12/Sep/2020:05:37:57] (P): Fetching attachment from url: https://s33834.pcdn.co/web-agency/wp-content/uploads/sites/421/2020/01/neve-web-design-studio-03.jpg...
[12/Sep/2020:05:37:58] (S): Fetched remote attachment.
[12/Sep/2020:05:37:58] (P): Inserting attachment...
[12/Sep/2020:05:37:58] (S): Attachment inserted
[12/Sep/2020:05:37:58] (S): Processed attachment.
[12/Sep/2020:05:37:58] (P): Processing attachment: https://s33834.pcdn.co/web-agency/wp-content/uploads/sites/421/2020/01/neve-web-design-studio-04.jpg...
[12/Sep/2020:05:37:58] (P): Fetching attachment from url: https://s33834.pcdn.co/web-agency/wp-content/uploads/sites/421/2020/01/neve-web-design-studio-04.jpg...
[12/Sep/2020:05:37:58] (S): Fetched remote attachment.
[12/Sep/2020:05:37:58] (P): Inserting attachment...
[12/Sep/2020:05:37:58] (S): Attachment inserted
[12/Sep/2020:05:37:58] (S): Processed attachment.
[12/Sep/2020:05:37:58] (P): Processing attachment: https://s33834.pcdn.co/web-agency/wp-content/uploads/sites/421/2020/01/neve-web-design-studio-05.jpg...
[12/Sep/2020:05:37:58] (P): Fetching attachment from url: https://s33834.pcdn.co/web-agency/wp-content/uploads/sites/421/2020/01/neve-web-design-studio-05.jpg...
[12/Sep/2020:05:37:58] (S): Fetched remote attachment.
[12/Sep/2020:05:37:58] (P): Inserting attachment...
[12/Sep/2020:05:37:58] (S): Attachment inserted
[12/Sep/2020:05:37:58] (S): Processed attachment.
[12/Sep/2020:05:37:58] (P): Processing attachment: https://s33834.pcdn.co/web-agency/wp-content/uploads/sites/421/2020/01/neve-web-design-studio-06.jpg...
[12/Sep/2020:05:37:58] (P): Fetching attachment from url: https://s33834.pcdn.co/web-agency/wp-content/uploads/sites/421/2020/01/neve-web-design-studio-06.jpg...
[12/Sep/2020:05:37:58] (S): Fetched remote attachment.
[12/Sep/2020:05:37:58] (P): Inserting attachment...
[12/Sep/2020:05:37:58] (S): Attachment inserted
[12/Sep/2020:05:37:58] (S): Processed attachment.
[12/Sep/2020:05:37:58] (P): Processing attachment: https://s33834.pcdn.co/web-agency/wp-content/uploads/sites/421/2020/01/neve-web-design-studio-07.jpg...
[12/Sep/2020:05:37:58] (P): Fetching attachment from url: https://s33834.pcdn.co/web-agency/wp-content/uploads/sites/421/2020/01/neve-web-design-studio-07.jpg...
[12/Sep/2020:05:37:58] (S): Fetched remote attachment.
[12/Sep/2020:05:37:58] (P): Inserting attachment...
[12/Sep/2020:05:37:58] (S): Attachment inserted
[12/Sep/2020:05:37:58] (S): Processed attachment.
[12/Sep/2020:05:37:58] (P): Processing attachment: https://s33834.pcdn.co/web-agency/wp-content/uploads/sites/421/2020/01/neve-web-design-studio-08.jpg...
[12/Sep/2020:05:37:58] (P): Fetching attachment from url: https://s33834.pcdn.co/web-agency/wp-content/uploads/sites/421/2020/01/neve-web-design-studio-08.jpg...
[12/Sep/2020:05:37:58] (S): Fetched remote attachment.
[12/Sep/2020:05:37:58] (P): Inserting attachment...
[12/Sep/2020:05:37:58] (S): Attachment inserted
[12/Sep/2020:05:37:58] (S): Processed attachment.
[12/Sep/2020:05:37:58] (P): Processing attachment: https://s33834.pcdn.co/web-agency/wp-content/uploads/sites/421/2020/01/neve-web-design-studio-09.jpg...
[12/Sep/2020:05:37:58] (P): Fetching attachment from url: https://s33834.pcdn.co/web-agency/wp-content/uploads/sites/421/2020/01/neve-web-design-studio-09.jpg...
[12/Sep/2020:05:37:59] (S): Fetched remote attachment.
[12/Sep/2020:05:37:59] (P): Inserting attachment...
[12/Sep/2020:05:37:59] (S): Attachment inserted
[12/Sep/2020:05:37:59] (S): Processed attachment.
[12/Sep/2020:05:37:59] (P): Processing attachment: https://s33834.pcdn.co/web-agency/wp-content/uploads/sites/421/2020/01/neve-web-design-studio-10.jpg...
[12/Sep/2020:05:37:59] (P): Fetching attachment from url: https://s33834.pcdn.co/web-agency/wp-content/uploads/sites/421/2020/01/neve-web-design-studio-10.jpg...
[12/Sep/2020:05:37:59] (S): Fetched remote attachment.
[12/Sep/2020:05:37:59] (P): Inserting attachment...
[12/Sep/2020:05:37:59] (S): Attachment inserted
[12/Sep/2020:05:37:59] (S): Processed attachment.
[12/Sep/2020:05:37:59] (P): Processing attachment: https://s33834.pcdn.co/web-agency/wp-content/uploads/sites/421/2020/01/neve-web-design-studio-11.jpg...
[12/Sep/2020:05:37:59] (P): Fetching attachment from url: https://s33834.pcdn.co/web-agency/wp-content/uploads/sites/421/2020/01/neve-web-design-studio-11.jpg...
[12/Sep/2020:05:37:59] (S): Fetched remote attachment.
[12/Sep/2020:05:37:59] (P): Inserting attachment...
[12/Sep/2020:05:37:59] (S): Attachment inserted
[12/Sep/2020:05:37:59] (S): Processed attachment.
[12/Sep/2020:05:37:59] (P): Processing single menu item ' '...
[12/Sep/2020:05:37:59] (P): Processing single menu item ' '...
[12/Sep/2020:05:37:59] (P): Processing single menu item ' '...
[12/Sep/2020:05:37:59] (P): Processing attachment: https://s33834.pcdn.co/web-agency/wp-content/uploads/sites/421/2020/06/cropped-web-agency-logo.png...
[12/Sep/2020:05:37:59] (P): Fetching attachment from url: https://s33834.pcdn.co/web-agency/wp-content/uploads/sites/421/2020/06/cropped-web-agency-logo.png...
[12/Sep/2020:05:38:00] (S): Fetched remote attachment.
[12/Sep/2020:05:38:00] (P): Inserting attachment...
[12/Sep/2020:05:38:00] (S): Attachment inserted
[12/Sep/2020:05:38:00] (S): Processed attachment.
[12/Sep/2020:05:38:00] (P): Processing attachment: https://s33834.pcdn.co/web-agency/wp-content/uploads/sites/421/2020/06/web-agency-logo-2.png...
[12/Sep/2020:05:38:00] (P): Fetching attachment from url: https://s33834.pcdn.co/web-agency/wp-content/uploads/sites/421/2020/06/web-agency-logo-2.png...
[12/Sep/2020:05:38:00] (S): Fetched remote attachment.
[12/Sep/2020:05:38:00] (P): Inserting attachment...
[12/Sep/2020:05:38:00] (S): Attachment inserted
[12/Sep/2020:05:38:00] (S): Processed attachment.
[12/Sep/2020:05:38:00] (P): Processing attachment: https://s33834.pcdn.co/web-agency/wp-content/uploads/sites/421/2020/06/cropped-web-agency-logo-2.png...
[12/Sep/2020:05:38:00] (P): Fetching attachment from url: https://s33834.pcdn.co/web-agency/wp-content/uploads/sites/421/2020/06/cropped-web-agency-logo-2.png...
[12/Sep/2020:05:38:00] (S): Fetched remote attachment.
[12/Sep/2020:05:38:00] (P): Inserting attachment...
[12/Sep/2020:05:38:00] (S): Attachment inserted
[12/Sep/2020:05:38:00] (S): Processed attachment.
[12/Sep/2020:05:38:00] (P): Processing attachment: https://s33834.pcdn.co/web-agency/wp-content/uploads/sites/421/2020/06/web-agency-icon.png...
[12/Sep/2020:05:38:00] (P): Fetching attachment from url: https://s33834.pcdn.co/web-agency/wp-content/uploads/sites/421/2020/06/web-agency-icon.png...
[12/Sep/2020:05:38:00] (S): Fetched remote attachment.
[12/Sep/2020:05:38:00] (P): Inserting attachment...
[12/Sep/2020:05:38:00] (S): Attachment inserted
[12/Sep/2020:05:38:00] (S): Processed attachment.
[12/Sep/2020:05:38:00] (P): Processing attachment: https://s33834.pcdn.co/web-agency/wp-content/uploads/sites/421/2020/06/cropped-web-agency-icon.png...
[12/Sep/2020:05:38:00] (P): Fetching attachment from url: https://s33834.pcdn.co/web-agency/wp-content/uploads/sites/421/2020/06/cropped-web-agency-icon.png...
[12/Sep/2020:05:38:00] (S): Fetched remote attachment.
[12/Sep/2020:05:38:00] (P): Inserting attachment...
[12/Sep/2020:05:38:00] (S): Attachment inserted
[12/Sep/2020:05:38:00] (S): Processed attachment.
[12/Sep/2020:05:38:00] (P): Processing attachment: https://s33834.pcdn.co/web-agency/wp-content/uploads/sites/421/2020/07/web-design-studio-01.jpg.jpg...
[12/Sep/2020:05:38:00] (P): Fetching attachment from url: https://s33834.pcdn.co/web-agency/wp-content/uploads/sites/421/2020/07/web-design-studio-01.jpg.jpg...
[12/Sep/2020:05:38:00] (S): Fetched remote attachment.
[12/Sep/2020:05:38:00] (P): Inserting attachment...
[12/Sep/2020:05:38:00] (S): Attachment inserted
[12/Sep/2020:05:38:00] (S): Processed attachment.
[12/Sep/2020:05:38:00] (P): Inserting post: 5 UX Principles for Creating a Great Website .
[12/Sep/2020:05:38:00] (S): Done inserting post: 5 UX Principles for Creating a Great Website .
[12/Sep/2020:05:38:00] (P): Inserting page: News .
[12/Sep/2020:05:38:00] (S): Done inserting page: News .
[12/Sep/2020:05:38:00] (P): Inserting page: Home .
[12/Sep/2020:05:38:00] (S): Done inserting page: Home .
[12/Sep/2020:05:38:00] (P): Filtering elementor meta...
[12/Sep/2020:05:38:00] (S): Filtered elementor meta.
[12/Sep/2020:05:38:00] (P): Inserting post: Web Design Trends for 2020 .
[12/Sep/2020:05:38:00] (S): Done inserting post: Web Design Trends for 2020 .
[12/Sep/2020:05:38:00] (P): Inserting post: A Simple Guide to Design Thinking .
[12/Sep/2020:05:38:00] (S): Done inserting post: A Simple Guide to Design Thinking .
[12/Sep/2020:05:38:00] (P): Inserting page: About Us .
[12/Sep/2020:05:38:00] (S): Done inserting page: About Us .
[12/Sep/2020:05:38:00] (P): Filtering elementor meta...
[12/Sep/2020:05:38:00] (S): Filtered elementor meta.
[12/Sep/2020:05:38:00] (P): Inserting page: Portfolio .
[12/Sep/2020:05:38:00] (S): Done inserting page: Portfolio .
[12/Sep/2020:05:38:00] (P): Filtering elementor meta...
[12/Sep/2020:05:38:00] (S): Filtered elementor meta.
[12/Sep/2020:05:38:00] (P): Inserting page: Contact .
[12/Sep/2020:05:38:00] (S): Done inserting page: Contact .
[12/Sep/2020:05:38:00] (P): Filtering elementor meta...
[12/Sep/2020:05:38:00] (S): Filtered elementor meta.
[12/Sep/2020:05:38:00] (P): Inserting page: Portfolio single .
[12/Sep/2020:05:38:00] (S): Done inserting page: Portfolio single .
[12/Sep/2020:05:38:00] (P): Filtering elementor meta...
[12/Sep/2020:05:38:00] (S): Filtered elementor meta.
[12/Sep/2020:05:38:00] (P): Processing single menu item ' '...
[12/Sep/2020:05:38:00] (S): Processed single menu item.
[12/Sep/2020:05:38:00] (P): Processing single menu item ' '...
[12/Sep/2020:05:38:00] (S): Processed single menu item.
[12/Sep/2020:05:38:00] (S): Processed posts.
[12/Sep/2020:05:38:00] (P): Processing single menu item ' '...
[12/Sep/2020:05:38:01] (S): Processed single menu item.
[12/Sep/2020:05:38:01] (P): Processing single menu item ' '...
[12/Sep/2020:05:38:01] (S): Processed single menu item.
[12/Sep/2020:05:38:01] (P): Processing single menu item ' '...
[12/Sep/2020:05:38:01] (S): Processed single menu item.
[12/Sep/2020:05:38:01] (P): Processing single menu item ' '...
[12/Sep/2020:05:38:01] (S): Processed single menu item.
[12/Sep/2020:05:38:01] (P): Cleaning up import with id ...
[12/Sep/2020:05:38:01] (P): Done cleanup. Flushing cache...
[12/Sep/2020:05:38:01] (P): Flushed cache. Removing temporary data..
[12/Sep/2020:05:38:01] (S): Done importing
[12/Sep/2020:05:38:01] (P): Busting elementor cache
[12/Sep/2020:05:38:01] (S): Front page set up with id: 73.
